<?xml version="1.0" encoding="UTF-8"?>
<!-- Generated by org.testng.reporters.JUnitReportReporter -->
<testsuite hostname="LAPTOP-DOHQRCCL" failures="0" tests="1" name="database.D001_DB" time="6.649" errors="0" timestamp="06 Nov 2023 03:01:09 GMT" skipped="0">
  <testcase classname="database.D001_DB" name="test" time="6.649"/>
</testsuite> <!-- database.D001_DB -->
