<?xml version="1.0" encoding="UTF-8"?>
<!-- Generated by org.testng.reporters.JUnitReportReporter -->
<testsuite hostname="LAPTOP-DOHQRCCL" failures="0" tests="2" name="org.Payment" time="0.008" errors="0" timestamp="25 Sep 2023 03:21:13 GMT" skipped="0">
  <testcase classname="org.Payment" name="creditCard" time="0.006"/>
  <testcase classname="org.Payment" name="debitCard" time="0.002"/>
</testsuite> <!-- org.Payment -->
