<?xml version="1.0" encoding="UTF-8"?>
<!-- Generated by org.testng.reporters.JUnitReportReporter -->
<testsuite hostname="LAPTOP-DOHQRCCL" failures="0" tests="1" name="parameter.LoginTest" time="3.900" errors="0" timestamp="27 Sep 2023 02:48:05 GMT" skipped="0">
  <testcase classname="parameter.LoginTest" name="login" time="3.900"/>
</testsuite> <!-- parameter.LoginTest -->
