<?xml version="1.0" encoding="UTF-8"?>
<!-- Generated by org.testng.reporters.JUnitReportReporter -->
<testsuite hostname="LAPTOP-DOHQRCCL" failures="0" tests="3" name="parameter.LoginTest_Multipleparameter" time="1.846" errors="0" timestamp="27 Sep 2023 02:57:16 GMT" skipped="0">
  <testcase classname="parameter.LoginTest_Multipleparameter" name="login" time="0.539"/>
  <testcase classname="parameter.LoginTest_Multipleparameter" name="login" time="0.433"/>
  <testcase classname="parameter.LoginTest_Multipleparameter" name="login" time="0.874"/>
</testsuite> <!-- parameter.LoginTest_Multipleparameter -->
