<?xml version="1.0" encoding="UTF-8"?>
<!-- Generated by org.testng.reporters.JUnitReportReporter -->
<testsuite hostname="LAPTOP-DOHQRCCL" failures="0" tests="2" name="org.Account" time="0.004" errors="0" timestamp="25 Sep 2023 03:21:13 GMT" skipped="0">
  <testcase classname="org.Account" name="current" time="0.001"/>
  <testcase classname="org.Account" name="loan" time="0.003"/>
</testsuite> <!-- org.Account -->
