<?xml version="1.0" encoding="UTF-8"?>
<!-- Generated by org.testng.reporters.JUnitReportReporter -->
<testsuite hostname="LAPTOP-DOHQRCCL" failures="0" tests="3" name="parameter.LoginTest_Multipleparameter" time="3.436" errors="0" timestamp="21 Oct 2023 11:29:00 GMT" skipped="0">
  <testcase classname="parameter.LoginTest_Multipleparameter" name="login" time="1.457"/>
  <testcase classname="parameter.LoginTest_Multipleparameter" name="login" time="1.541"/>
  <testcase classname="parameter.LoginTest_Multipleparameter" name="login" time="0.438"/>
</testsuite> <!-- parameter.LoginTest_Multipleparameter -->
