<?xml version="1.0" encoding="UTF-8"?>
<!-- Generated by org.testng.reporters.JUnitReportReporter -->
<testsuite hostname="LAPTOP-DOHQRCCL" failures="0" tests="4" name="basic.B001_NewTest" time="0.006" errors="0" timestamp="25 Sep 2023 02:57:11 GMT" skipped="1">
  <testcase classname="basic.B001_NewTest" name="test1" time="0.001"/>
  <testcase classname="basic.B001_NewTest" name="beta" time="0.002"/>
  <testcase classname="basic.B001_NewTest" name="gama" time="0.003"/>
  <testcase classname="basic.B001_NewTest" name="alpha">
    <skipped/>
  </testcase> <!-- alpha -->
</testsuite> <!-- basic.B001_NewTest -->
