<?xml version="1.0" encoding="UTF-8"?>
<!-- Generated by org.testng.reporters.JUnitReportReporter -->
<testsuite hostname="LAPTOP-DOHQRCCL" failures="0" tests="1" name="com.DataDriven" time="1.161" errors="0" timestamp="29 Sep 2023 03:07:22 GMT" skipped="0">
  <testcase classname="com.DataDriven" name="test" time="1.161"/>
</testsuite> <!-- com.DataDriven -->
