<?xml version="1.0" encoding="UTF-8"?>
<!-- Generated by org.testng.reporters.JUnitReportReporter -->
<testsuite hostname="LAPTOP-DOHQRCCL" failures="0" tests="5" name="com.LoginTest_Multipleparameter" time="16.730" errors="0" timestamp="29 Sep 2023 03:13:53 GMT" skipped="0">
  <testcase classname="com.LoginTest_Multipleparameter" name="login" time="3.279"/>
  <testcase classname="com.LoginTest_Multipleparameter" name="login" time="3.276"/>
  <testcase classname="com.LoginTest_Multipleparameter" name="login" time="3.617"/>
  <testcase classname="com.LoginTest_Multipleparameter" name="login" time="3.274"/>
  <testcase classname="com.LoginTest_Multipleparameter" name="login" time="3.284"/>
</testsuite> <!-- com.LoginTest_Multipleparameter -->
