<?xml version="1.0" encoding="UTF-8"?>
<!-- Generated by org.testng.reporters.JUnitReportReporter -->
<testsuite hostname="LAPTOP-DOHQRCCL" failures="0" tests="1" name="com.NewTest" time="0.015" errors="0" timestamp="03 Nov 2023 03:07:34 GMT" skipped="0">
  <testcase classname="com.NewTest" name="login" time="0.015"/>
</testsuite> <!-- com.NewTest -->
