<?xml version="1.0" encoding="UTF-8"?>
<!-- Generated by org.testng.reporters.JUnitReportReporter -->
<testsuite hostname="LAPTOP-DOHQRCCL" failures="0" tests="2" name="com.FirstTest" time="0.000" errors="0" timestamp="03 Nov 2023 03:07:34 GMT" skipped="0">
  <testcase classname="com.FirstTest" name="setup" time="0.000"/>
  <testcase classname="com.FirstTest" name="home" time="0.000"/>
</testsuite> <!-- com.FirstTest -->
