<?xml version="1.0" encoding="UTF-8"?>
<!-- Generated by org.testng.reporters.JUnitReportReporter -->
<testsuite hostname="LAPTOP-DOHQRCCL" failures="0" tests="1" name="com.LoginTest" time="7.221" errors="0" timestamp="03 Nov 2023 03:14:45 GMT" skipped="0">
  <testcase classname="com.LoginTest" name="loginTest" time="7.221"/>
</testsuite> <!-- com.LoginTest -->
